<?xml version="1.0" encoding="UTF-8"?>
<testsuites>
  <testsuite name="" tests="5" assertions="10" errors="0" warnings="0" failures="0" skipped="0" time="0.076851">
    <testsuite name="Gpdf Tests" tests="5" assertions="10" errors="0" warnings="0" failures="0" skipped="0" time="0.076851">
      <testsuite name="Omaralalwi\Gpdf\Tests\GpdfTest" file="/home/smahi/DATA-SSD/Sites/PHP/Laravel/lara-tryings/packages/Gpdf/tests/GpdfTest.php" tests="5" assertions="10" errors="0" warnings="0" failures="0" skipped="0" time="0.076851">
        <testcase name="testConfigFileExists" class="Omaralalwi\Gpdf\Tests\GpdfTest" classname="Omaralalwi.Gpdf.Tests.GpdfTest" file="/home/smahi/DATA-SSD/Sites/PHP/Laravel/lara-tryings/packages/Gpdf/tests/GpdfTest.php" line="29" assertions="2" time="0.001133">
          <system-out>
Config file exists : Yes
Config file is available : Yes it is available
</system-out>
        </testcase>
        <testcase name="testConfigFileKeys" class="Omaralalwi\Gpdf\Tests\GpdfTest" classname="Omaralalwi.Gpdf.Tests.GpdfTest" file="/home/smahi/DATA-SSD/Sites/PHP/Laravel/lara-tryings/packages/Gpdf/tests/GpdfTest.php" line="43" assertions="3" time="0.000189"/>
        <testcase name="testCreatePdf" class="Omaralalwi\Gpdf\Tests\GpdfTest" classname="Omaralalwi.Gpdf.Tests.GpdfTest" file="/home/smahi/DATA-SSD/Sites/PHP/Laravel/lara-tryings/packages/Gpdf/tests/GpdfTest.php" line="54" assertions="1" time="0.044815">
          <system-out>object(Omaralalwi\Gpdf\GpdfConfig)#366 (1) {
  ["config":protected]=&gt;
  array(40) {
    ["tempDir"]=&gt;
    NULL
    ["fontDir"]=&gt;
    bool(false)
    ["fontCache"]=&gt;
    bool(false)
    ["defaultFont"]=&gt;
    string(11) "dejavu sans"
    ["fontHeightRatio"]=&gt;
    float(1.1)
    ["isFontSubsettingEnabled"]=&gt;
    bool(true)
    ["chroot"]=&gt;
    NULL
    ["storage_path"]=&gt;
    string(23) "/public/downloads/pdfs/"
    ["aws_storage_bucket"]=&gt;
    string(0) ""
    ["aws_storage_region"]=&gt;
    string(0) ""
    ["aws_storage_key"]=&gt;
    string(0) ""
    ["aws_storage_secret"]=&gt;
    string(0) ""
    ["convert_entities"]=&gt;
    bool(true)
    ["allowedProtocols"]=&gt;
    array(2) {
      [0]=&gt;
      string(4) "http"
      [1]=&gt;
      string(5) "https"
    }
    ["artifactPathValidation"]=&gt;
    bool(true)
    ["logOutputFile"]=&gt;
    NULL
    ["defaultMediaType"]=&gt;
    string(15) "application/pdf"
    ["defaultPaperSize"]=&gt;
    string(2) "A4"
    ["defaultPaperOrientation"]=&gt;
    string(8) "portrait"
    ["dpi"]=&gt;
    int(150)
    ["enable_php"]=&gt;
    bool(false)
    ["isPhpEnabled"]=&gt;
    bool(false)
    ["isRemoteEnabled"]=&gt;
    bool(true)
    ["allowedRemoteHosts"]=&gt;
    array(1) {
      [0]=&gt;
      string(11) "example.com"
    }
    ["isJavascriptEnabled"]=&gt;
    bool(true)
    ["isHtml5ParserEnabled"]=&gt;
    bool(false)
    ["debugPng"]=&gt;
    bool(false)
    ["debugKeepTemp"]=&gt;
    bool(false)
    ["debugCss"]=&gt;
    bool(false)
    ["debugLayout"]=&gt;
    bool(false)
    ["debugLayoutLines"]=&gt;
    bool(false)
    ["debugLayoutBlocks"]=&gt;
    bool(false)
    ["debugLayoutInline"]=&gt;
    bool(false)
    ["debugLayoutPaddingBox"]=&gt;
    bool(false)
    ["pdfBackend"]=&gt;
    string(4) "DPDF"
    ["pdflibLicense"]=&gt;
    string(0) ""
    ["httpContext"]=&gt;
    NULL
    ["utf8GlyphsMaxChars"]=&gt;
    int(150)
    ["utf8GlyphsHindo"]=&gt;
    bool(false)
    ["utf8GlyphsForceRtl"]=&gt;
    bool(false)
  }
}
</system-out>
        </testcase>
        <testcase name="testArabicContent" class="Omaralalwi\Gpdf\Tests\GpdfTest" classname="Omaralalwi.Gpdf.Tests.GpdfTest" file="/home/smahi/DATA-SSD/Sites/PHP/Laravel/lara-tryings/packages/Gpdf/tests/GpdfTest.php" line="63" assertions="2" time="0.025383">
          <system-out>object(Omaralalwi\Gpdf\GpdfConfig)#365 (1) {
  ["config":protected]=&gt;
  array(40) {
    ["tempDir"]=&gt;
    NULL
    ["fontDir"]=&gt;
    bool(false)
    ["fontCache"]=&gt;
    bool(false)
    ["defaultFont"]=&gt;
    string(11) "dejavu sans"
    ["fontHeightRatio"]=&gt;
    float(1.1)
    ["isFontSubsettingEnabled"]=&gt;
    bool(true)
    ["chroot"]=&gt;
    NULL
    ["storage_path"]=&gt;
    string(23) "/public/downloads/pdfs/"
    ["aws_storage_bucket"]=&gt;
    string(0) ""
    ["aws_storage_region"]=&gt;
    string(0) ""
    ["aws_storage_key"]=&gt;
    string(0) ""
    ["aws_storage_secret"]=&gt;
    string(0) ""
    ["convert_entities"]=&gt;
    bool(true)
    ["allowedProtocols"]=&gt;
    array(2) {
      [0]=&gt;
      string(4) "http"
      [1]=&gt;
      string(5) "https"
    }
    ["artifactPathValidation"]=&gt;
    bool(true)
    ["logOutputFile"]=&gt;
    NULL
    ["defaultMediaType"]=&gt;
    string(15) "application/pdf"
    ["defaultPaperSize"]=&gt;
    string(2) "A4"
    ["defaultPaperOrientation"]=&gt;
    string(8) "portrait"
    ["dpi"]=&gt;
    int(150)
    ["enable_php"]=&gt;
    bool(false)
    ["isPhpEnabled"]=&gt;
    bool(false)
    ["isRemoteEnabled"]=&gt;
    bool(true)
    ["allowedRemoteHosts"]=&gt;
    array(1) {
      [0]=&gt;
      string(11) "example.com"
    }
    ["isJavascriptEnabled"]=&gt;
    bool(true)
    ["isHtml5ParserEnabled"]=&gt;
    bool(false)
    ["debugPng"]=&gt;
    bool(false)
    ["debugKeepTemp"]=&gt;
    bool(false)
    ["debugCss"]=&gt;
    bool(false)
    ["debugLayout"]=&gt;
    bool(false)
    ["debugLayoutLines"]=&gt;
    bool(false)
    ["debugLayoutBlocks"]=&gt;
    bool(false)
    ["debugLayoutInline"]=&gt;
    bool(false)
    ["debugLayoutPaddingBox"]=&gt;
    bool(false)
    ["pdfBackend"]=&gt;
    string(4) "DPDF"
    ["pdflibLicense"]=&gt;
    string(0) ""
    ["httpContext"]=&gt;
    NULL
    ["utf8GlyphsMaxChars"]=&gt;
    int(150)
    ["utf8GlyphsHindo"]=&gt;
    bool(false)
    ["utf8GlyphsForceRtl"]=&gt;
    bool(false)
  }
}
</system-out>
        </testcase>
        <testcase name="testUtf8GlyphsCalledWithSpecificParams" class="Omaralalwi\Gpdf\Tests\GpdfTest" classname="Omaralalwi.Gpdf.Tests.GpdfTest" file="/home/smahi/DATA-SSD/Sites/PHP/Laravel/lara-tryings/packages/Gpdf/tests/GpdfTest.php" line="73" assertions="2" time="0.005332"/>
      </testsuite>
    </testsuite>
  </testsuite>
</testsuites>
