<?xml version="1.0" encoding="UTF-8"?>
<testsuites>
  <testsuite name="" tests="4" assertions="8" errors="0" warnings="0" failures="0" skipped="0" time="0.107847">
    <testsuite name="Gpdf Tests" tests="4" assertions="8" errors="0" warnings="0" failures="0" skipped="0" time="0.107847">
      <testsuite name="Omaralalwi\Gpdf\Tests\GpdfTest" file="/home/omar/My_apps/my-packages/Gpdf/tests/GpdfTest.php" tests="4" assertions="8" errors="0" warnings="0" failures="0" skipped="0" time="0.107847">
        <testcase name="testConfigFileExists" class="Omaralalwi\Gpdf\Tests\GpdfTest" classname="Omaralalwi.Gpdf.Tests.GpdfTest" file="/home/omar/My_apps/my-packages/Gpdf/tests/GpdfTest.php" line="24" assertions="2" time="0.001564">
          <system-out>
Config file exists : Yes
Config file is available : Yes it is available
</system-out>
        </testcase>
        <testcase name="testConfigFileKeys" class="Omaralalwi\Gpdf\Tests\GpdfTest" classname="Omaralalwi.Gpdf.Tests.GpdfTest" file="/home/omar/My_apps/my-packages/Gpdf/tests/GpdfTest.php" line="38" assertions="3" time="0.000201"/>
        <testcase name="testCreatePdf" class="Omaralalwi\Gpdf\Tests\GpdfTest" classname="Omaralalwi.Gpdf.Tests.GpdfTest" file="/home/omar/My_apps/my-packages/Gpdf/tests/GpdfTest.php" line="49" assertions="1" time="0.064838"/>
        <testcase name="testArabicContent" class="Omaralalwi\Gpdf\Tests\GpdfTest" classname="Omaralalwi.Gpdf.Tests.GpdfTest" file="/home/omar/My_apps/my-packages/Gpdf/tests/GpdfTest.php" line="58" assertions="2" time="0.041244"/>
      </testsuite>
    </testsuite>
  </testsuite>
</testsuites>
