<?xml version="1.0" encoding="UTF-8"?>
<testsuites>
  <testsuite name="" tests="5" assertions="10" errors="0" warnings="0" failures="0" skipped="0" time="0.071961">
    <testsuite name="Gpdf Tests" tests="5" assertions="10" errors="0" warnings="0" failures="0" skipped="0" time="0.071961">
      <testsuite name="Omaralalwi\Gpdf\Tests\GpdfTest" file="/home/smahi/DATA-SSD/Sites/PHP/Laravel/lara-tryings/packages/Gpdf/tests/GpdfTest.php" tests="5" assertions="10" errors="0" warnings="0" failures="0" skipped="0" time="0.071961">
        <testcase name="testConfigFileExists" class="Omaralalwi\Gpdf\Tests\GpdfTest" classname="Omaralalwi.Gpdf.Tests.GpdfTest" file="/home/smahi/DATA-SSD/Sites/PHP/Laravel/lara-tryings/packages/Gpdf/tests/GpdfTest.php" line="29" assertions="2" time="0.001046">
          <system-out>
Config file exists : Yes
Config file is available : Yes it is available
</system-out>
        </testcase>
        <testcase name="testConfigFileKeys" class="Omaralalwi\Gpdf\Tests\GpdfTest" classname="Omaralalwi.Gpdf.Tests.GpdfTest" file="/home/smahi/DATA-SSD/Sites/PHP/Laravel/lara-tryings/packages/Gpdf/tests/GpdfTest.php" line="43" assertions="3" time="0.000182"/>
        <testcase name="testCreatePdf" class="Omaralalwi\Gpdf\Tests\GpdfTest" classname="Omaralalwi.Gpdf.Tests.GpdfTest" file="/home/smahi/DATA-SSD/Sites/PHP/Laravel/lara-tryings/packages/Gpdf/tests/GpdfTest.php" line="54" assertions="1" time="0.042503"/>
        <testcase name="testArabicContent" class="Omaralalwi\Gpdf\Tests\GpdfTest" classname="Omaralalwi.Gpdf.Tests.GpdfTest" file="/home/smahi/DATA-SSD/Sites/PHP/Laravel/lara-tryings/packages/Gpdf/tests/GpdfTest.php" line="63" assertions="2" time="0.023641"/>
        <testcase name="testUtf8GlyphsCalledWithSpecificParams" class="Omaralalwi\Gpdf\Tests\GpdfTest" classname="Omaralalwi.Gpdf.Tests.GpdfTest" file="/home/smahi/DATA-SSD/Sites/PHP/Laravel/lara-tryings/packages/Gpdf/tests/GpdfTest.php" line="73" assertions="2" time="0.004589"/>
      </testsuite>
    </testsuite>
  </testsuite>
</testsuites>
